<?xml version="1.0" encoding="UTF-8"?>
<!-- Generated by org.testng.reporters.JUnitReportReporter -->
<testsuite hostname="Abdul-Rahman-PC" name="Test.NewTest" tests="2" failures="0" timestamp="11 May 2015 17:29:58 GMT" time="0.564" errors="0">
  <testcase name="f2" time="0.559" classname="Test.NewTest"/>
  <testcase name="testSingleMessage" time="0.005" classname="Test.NewTest"/>
</testsuite> <!-- Test.NewTest -->
