<?xml version="1.0" encoding="UTF-8"?>
<!-- Generated by org.testng.reporters.JUnitReportReporter -->
<testsuite hostname="Abdul-Rahman-PC" name="Test.TestService" tests="4" failures="0" timestamp="10 May 2015 22:21:30 GMT" time="0.007" errors="0">
  <testcase name="testPost" time="0.004" classname="Test.TestService"/>
  <testcase name="testRegistration" time="0.001" classname="Test.TestService"/>
  <testcase name="testRegistration" time="0.001" classname="Test.TestService"/>
  <testcase name="testLogin" time="0.001" classname="Test.TestService"/>
</testsuite> <!-- Test.TestService -->
