<?xml version="1.0" encoding="UTF-8"?>
<!-- Generated by org.testng.reporters.JUnitReportReporter -->
<testsuite hostname="Abdul-Rahman-PC" name="Test.NewTest" tests="7" failures="0" timestamp="10 May 2015 22:21:30 GMT" time="0.560" errors="0">
  <testcase name="testUserEntity" time="0.006" classname="Test.NewTest"/>
  <testcase name="testSingleMessage" time="0.005" classname="Test.NewTest"/>
  <testcase name="testUserEntity" time="0.005" classname="Test.NewTest"/>
  <testcase name="testReq" time="0.006" classname="Test.NewTest"/>
  <testcase name="testUserEntity" time="0.004" classname="Test.NewTest"/>
  <testcase name="f2" time="0.529" classname="Test.NewTest"/>
  <testcase name="testPost" time="0.005" classname="Test.NewTest"/>
</testsuite> <!-- Test.NewTest -->
