<?xml version="1.0" encoding="UTF-8"?>
<!-- Generated by org.testng.reporters.JUnitReportReporter -->
<testsuite hostname="Abdul-Rahman-PC" name="Test.UserTest" tests="7" failures="0" timestamp="11 May 2015 17:29:58 GMT" time="0.016" errors="0">
  <testcase name="f" time="0.001" classname="Test.UserTest"/>
  <testcase name="testGetUserEntity" time="0.001" classname="Test.UserTest"/>
  <testcase name="testGetUserEntity" time="0.001" classname="Test.UserTest"/>
  <testcase name="testGetUserEntity" time="0.001" classname="Test.UserTest"/>
  <testcase name="testSaveUser" time="0.003" classname="Test.UserTest"/>
  <testcase name="testSaveUser" time="0.007" classname="Test.UserTest"/>
  <testcase name="testSaveUser" time="0.002" classname="Test.UserTest"/>
</testsuite> <!-- Test.UserTest -->
